{"total": {"lines":{"total":780,"covered":200,"skipped":0,"pct":25.64},"statements":{"total":878,"covered":219,"skipped":0,"pct":24.94},"functions":{"total":213,"covered":24,"skipped":0,"pct":11.26},"branches":{"total":302,"covered":19,"skipped":0,"pct":6.29},"branchesTrue":{"total":0,"covered":0,"skipped":0,"pct":100}}
,"C:/Users/amand/OneDrive/Escritorio/UniHousing-frontend/src/App.tsx": {"lines":{"total":5,"covered":3,"skipped":0,"pct":60},"functions":{"total":2,"covered":0,"skipped":0,"pct":0},"statements":{"total":7,"covered":3,"skipped":0,"pct":42.85},"branches":{"total":0,"covered":0,"skipped":0,"pct":100}}
,"C:/Users/amand/OneDrive/Escritorio/UniHousing-frontend/src/main.tsx": {"lines":{"total":6,"covered":6,"skipped":0,"pct":100},"functions":{"total":2,"covered":2,"skipped":0,"pct":100},"statements":{"total":9,"covered":9,"skipped":0,"pct":100},"branches":{"total":0,"covered":0,"skipped":0,"pct":100}}
,"C:/Users/amand/OneDrive/Escritorio/UniHousing-frontend/src/components/DashboardContent/DashboardContent.tsx": {"lines":{"total":4,"covered":2,"skipped":0,"pct":50},"functions":{"total":1,"covered":0,"skipped":0,"pct":0},"statements":{"total":4,"covered":2,"skipped":0,"pct":50},"branches":{"total":0,"covered":0,"skipped":0,"pct":100}}
,"C:/Users/amand/OneDrive/Escritorio/UniHousing-frontend/src/components/HousingCard/HousingCard.tsx": {"lines":{"total":7,"covered":4,"skipped":0,"pct":57.14},"functions":{"total":3,"covered":0,"skipped":0,"pct":0},"statements":{"total":10,"covered":4,"skipped":0,"pct":40},"branches":{"total":0,"covered":0,"skipped":0,"pct":100}}
,"C:/Users/amand/OneDrive/Escritorio/UniHousing-frontend/src/components/HousingImageGallery/HousingImageGallery.tsx": {"lines":{"total":11,"covered":2,"skipped":0,"pct":18.18},"functions":{"total":7,"covered":0,"skipped":0,"pct":0},"statements":{"total":13,"covered":3,"skipped":0,"pct":23.07},"branches":{"total":4,"covered":0,"skipped":0,"pct":0}}
,"C:/Users/amand/OneDrive/Escritorio/UniHousing-frontend/src/components/HousingList/HousingList.tsx": {"lines":{"total":5,"covered":3,"skipped":0,"pct":60},"functions":{"total":2,"covered":0,"skipped":0,"pct":0},"statements":{"total":5,"covered":3,"skipped":0,"pct":60},"branches":{"total":0,"covered":0,"skipped":0,"pct":100}}
,"C:/Users/amand/OneDrive/Escritorio/UniHousing-frontend/src/components/ImageUpload/ImageUpload.tsx": {"lines":{"total":32,"covered":3,"skipped":0,"pct":9.37},"functions":{"total":15,"covered":0,"skipped":0,"pct":0},"statements":{"total":39,"covered":3,"skipped":0,"pct":7.69},"branches":{"total":4,"covered":0,"skipped":0,"pct":0}}
,"C:/Users/amand/OneDrive/Escritorio/UniHousing-frontend/src/components/ImageUpload/ImageUploadFile.tsx": {"lines":{"total":12,"covered":3,"skipped":0,"pct":25},"functions":{"total":3,"covered":0,"skipped":0,"pct":0},"statements":{"total":13,"covered":3,"skipped":0,"pct":23.07},"branches":{"total":2,"covered":0,"skipped":0,"pct":0}}
,"C:/Users/amand/OneDrive/Escritorio/UniHousing-frontend/src/components/Input/CustomInput.tsx": {"lines":{"total":4,"covered":4,"skipped":0,"pct":100},"functions":{"total":1,"covered":1,"skipped":0,"pct":100},"statements":{"total":4,"covered":4,"skipped":0,"pct":100},"branches":{"total":2,"covered":2,"skipped":0,"pct":100}}
,"C:/Users/amand/OneDrive/Escritorio/UniHousing-frontend/src/components/MessageAlert/MessageAlert.tsx": {"lines":{"total":5,"covered":2,"skipped":0,"pct":40},"functions":{"total":2,"covered":0,"skipped":0,"pct":0},"statements":{"total":5,"covered":2,"skipped":0,"pct":40},"branches":{"total":0,"covered":0,"skipped":0,"pct":100}}
,"C:/Users/amand/OneDrive/Escritorio/UniHousing-frontend/src/components/Navbar/Navbar.tsx": {"lines":{"total":27,"covered":21,"skipped":0,"pct":77.77},"functions":{"total":9,"covered":7,"skipped":0,"pct":77.77},"statements":{"total":30,"covered":24,"skipped":0,"pct":80},"branches":{"total":14,"covered":5,"skipped":0,"pct":35.71}}
,"C:/Users/amand/OneDrive/Escritorio/UniHousing-frontend/src/components/OpenStreetMap/OpenStreetMap.tsx": {"lines":{"total":5,"covered":4,"skipped":0,"pct":80},"functions":{"total":1,"covered":0,"skipped":0,"pct":0},"statements":{"total":5,"covered":4,"skipped":0,"pct":80},"branches":{"total":0,"covered":0,"skipped":0,"pct":100}}
,"C:/Users/amand/OneDrive/Escritorio/UniHousing-frontend/src/components/PrimaryButton/PrimaryButton.tsx": {"lines":{"total":4,"covered":2,"skipped":0,"pct":50},"functions":{"total":1,"covered":0,"skipped":0,"pct":0},"statements":{"total":4,"covered":2,"skipped":0,"pct":50},"branches":{"total":13,"covered":0,"skipped":0,"pct":0}}
,"C:/Users/amand/OneDrive/Escritorio/UniHousing-frontend/src/components/Review/Review.tsx": {"lines":{"total":5,"covered":3,"skipped":0,"pct":60},"functions":{"total":2,"covered":0,"skipped":0,"pct":0},"statements":{"total":6,"covered":3,"skipped":0,"pct":50},"branches":{"total":0,"covered":0,"skipped":0,"pct":100}}
,"C:/Users/amand/OneDrive/Escritorio/UniHousing-frontend/src/components/Review/ReviewForm.tsx": {"lines":{"total":35,"covered":5,"skipped":0,"pct":14.28},"functions":{"total":8,"covered":0,"skipped":0,"pct":0},"statements":{"total":37,"covered":6,"skipped":0,"pct":16.21},"branches":{"total":11,"covered":0,"skipped":0,"pct":0}}
,"C:/Users/amand/OneDrive/Escritorio/UniHousing-frontend/src/components/SearchFilter/SearchFilter.tsx": {"lines":{"total":11,"covered":3,"skipped":0,"pct":27.27},"functions":{"total":8,"covered":0,"skipped":0,"pct":0},"statements":{"total":14,"covered":3,"skipped":0,"pct":21.42},"branches":{"total":12,"covered":0,"skipped":0,"pct":0}}
,"C:/Users/amand/OneDrive/Escritorio/UniHousing-frontend/src/components/SimpleContainer/SimpleContainer.tsx": {"lines":{"total":3,"covered":2,"skipped":0,"pct":66.66},"functions":{"total":1,"covered":0,"skipped":0,"pct":0},"statements":{"total":3,"covered":2,"skipped":0,"pct":66.66},"branches":{"total":0,"covered":0,"skipped":0,"pct":100}}
,"C:/Users/amand/OneDrive/Escritorio/UniHousing-frontend/src/components/SimpleContainer/SimpleContainerSeparator.tsx": {"lines":{"total":4,"covered":2,"skipped":0,"pct":50},"functions":{"total":1,"covered":0,"skipped":0,"pct":0},"statements":{"total":4,"covered":2,"skipped":0,"pct":50},"branches":{"total":0,"covered":0,"skipped":0,"pct":100}}
,"C:/Users/amand/OneDrive/Escritorio/UniHousing-frontend/src/components/SimpleViewTitle/SimpleViewTitle.tsx": {"lines":{"total":4,"covered":2,"skipped":0,"pct":50},"functions":{"total":1,"covered":0,"skipped":0,"pct":0},"statements":{"total":4,"covered":2,"skipped":0,"pct":50},"branches":{"total":0,"covered":0,"skipped":0,"pct":100}}
,"C:/Users/amand/OneDrive/Escritorio/UniHousing-frontend/src/components/TextArea/TextArea.tsx": {"lines":{"total":4,"covered":2,"skipped":0,"pct":50},"functions":{"total":1,"covered":0,"skipped":0,"pct":0},"statements":{"total":4,"covered":2,"skipped":0,"pct":50},"branches":{"total":0,"covered":0,"skipped":0,"pct":100}}
,"C:/Users/amand/OneDrive/Escritorio/UniHousing-frontend/src/components/auth/LoginForm.tsx": {"lines":{"total":29,"covered":4,"skipped":0,"pct":13.79},"functions":{"total":5,"covered":0,"skipped":0,"pct":0},"statements":{"total":33,"covered":4,"skipped":0,"pct":12.12},"branches":{"total":10,"covered":0,"skipped":0,"pct":0}}
,"C:/Users/amand/OneDrive/Escritorio/UniHousing-frontend/src/components/auth/SignupForm.tsx": {"lines":{"total":24,"covered":24,"skipped":0,"pct":100},"functions":{"total":8,"covered":8,"skipped":0,"pct":100},"statements":{"total":29,"covered":29,"skipped":0,"pct":100},"branches":{"total":12,"covered":11,"skipped":0,"pct":91.66}}
,"C:/Users/amand/OneDrive/Escritorio/UniHousing-frontend/src/components/customSelect/customSelect.tsx": {"lines":{"total":4,"covered":3,"skipped":0,"pct":75},"functions":{"total":1,"covered":0,"skipped":0,"pct":0},"statements":{"total":4,"covered":3,"skipped":0,"pct":75},"branches":{"total":2,"covered":0,"skipped":0,"pct":0}}
,"C:/Users/amand/OneDrive/Escritorio/UniHousing-frontend/src/context/UserContext.tsx": {"lines":{"total":19,"covered":15,"skipped":0,"pct":78.94},"functions":{"total":6,"covered":4,"skipped":0,"pct":66.66},"statements":{"total":24,"covered":20,"skipped":0,"pct":83.33},"branches":{"total":1,"covered":0,"skipped":0,"pct":0}}
,"C:/Users/amand/OneDrive/Escritorio/UniHousing-frontend/src/pages/CreateHousing/CreateHousing.tsx": {"lines":{"total":39,"covered":3,"skipped":0,"pct":7.69},"functions":{"total":14,"covered":0,"skipped":0,"pct":0},"statements":{"total":44,"covered":3,"skipped":0,"pct":6.81},"branches":{"total":18,"covered":0,"skipped":0,"pct":0}}
,"C:/Users/amand/OneDrive/Escritorio/UniHousing-frontend/src/pages/DashboardHousing/DashboardHousing.tsx": {"lines":{"total":41,"covered":3,"skipped":0,"pct":7.31},"functions":{"total":8,"covered":0,"skipped":0,"pct":0},"statements":{"total":44,"covered":3,"skipped":0,"pct":6.81},"branches":{"total":12,"covered":0,"skipped":0,"pct":0}}
,"C:/Users/amand/OneDrive/Escritorio/UniHousing-frontend/src/pages/DashboardHousing/DashboardHousingAvailable.tsx": {"lines":{"total":4,"covered":2,"skipped":0,"pct":50},"functions":{"total":2,"covered":0,"skipped":0,"pct":0},"statements":{"total":4,"covered":2,"skipped":0,"pct":50},"branches":{"total":4,"covered":0,"skipped":0,"pct":0}}
,"C:/Users/amand/OneDrive/Escritorio/UniHousing-frontend/src/pages/DashboardHousing/DashboardHousingDelete.tsx": {"lines":{"total":18,"covered":3,"skipped":0,"pct":16.66},"functions":{"total":6,"covered":0,"skipped":0,"pct":0},"statements":{"total":20,"covered":3,"skipped":0,"pct":15},"branches":{"total":4,"covered":0,"skipped":0,"pct":0}}
,"C:/Users/amand/OneDrive/Escritorio/UniHousing-frontend/src/pages/DashboardHousing/DashboardHousingEdit.tsx": {"lines":{"total":41,"covered":3,"skipped":0,"pct":7.31},"functions":{"total":13,"covered":0,"skipped":0,"pct":0},"statements":{"total":46,"covered":3,"skipped":0,"pct":6.52},"branches":{"total":27,"covered":0,"skipped":0,"pct":0}}
,"C:/Users/amand/OneDrive/Escritorio/UniHousing-frontend/src/pages/HousingCreatedConfirmation/HousingCreatedConfirmation.tsx": {"lines":{"total":20,"covered":3,"skipped":0,"pct":15},"functions":{"total":5,"covered":0,"skipped":0,"pct":0},"statements":{"total":23,"covered":3,"skipped":0,"pct":13.04},"branches":{"total":6,"covered":0,"skipped":0,"pct":0}}
,"C:/Users/amand/OneDrive/Escritorio/UniHousing-frontend/src/pages/HousingDetail/HousingDetail.tsx": {"lines":{"total":31,"covered":3,"skipped":0,"pct":9.67},"functions":{"total":8,"covered":0,"skipped":0,"pct":0},"statements":{"total":38,"covered":3,"skipped":0,"pct":7.89},"branches":{"total":11,"covered":0,"skipped":0,"pct":0}}
,"C:/Users/amand/OneDrive/Escritorio/UniHousing-frontend/src/pages/HousingList/housingList.tsx": {"lines":{"total":33,"covered":4,"skipped":0,"pct":12.12},"functions":{"total":9,"covered":0,"skipped":0,"pct":0},"statements":{"total":37,"covered":5,"skipped":0,"pct":13.51},"branches":{"total":7,"covered":0,"skipped":0,"pct":0}}
,"C:/Users/amand/OneDrive/Escritorio/UniHousing-frontend/src/pages/LandingPage/LandingPage.tsx": {"lines":{"total":4,"covered":3,"skipped":0,"pct":75},"functions":{"total":1,"covered":0,"skipped":0,"pct":0},"statements":{"total":4,"covered":3,"skipped":0,"pct":75},"branches":{"total":2,"covered":0,"skipped":0,"pct":0}}
,"C:/Users/amand/OneDrive/Escritorio/UniHousing-frontend/src/pages/Login/Login.tsx": {"lines":{"total":3,"covered":2,"skipped":0,"pct":66.66},"functions":{"total":1,"covered":0,"skipped":0,"pct":0},"statements":{"total":3,"covered":2,"skipped":0,"pct":66.66},"branches":{"total":0,"covered":0,"skipped":0,"pct":100}}
,"C:/Users/amand/OneDrive/Escritorio/UniHousing-frontend/src/pages/MyProperties/MyProperties.tsx": {"lines":{"total":43,"covered":4,"skipped":0,"pct":9.3},"functions":{"total":14,"covered":0,"skipped":0,"pct":0},"statements":{"total":49,"covered":4,"skipped":0,"pct":8.16},"branches":{"total":19,"covered":0,"skipped":0,"pct":0}}
,"C:/Users/amand/OneDrive/Escritorio/UniHousing-frontend/src/pages/NotFound/NotFound.tsx": {"lines":{"total":3,"covered":2,"skipped":0,"pct":66.66},"functions":{"total":1,"covered":0,"skipped":0,"pct":0},"statements":{"total":3,"covered":2,"skipped":0,"pct":66.66},"branches":{"total":0,"covered":0,"skipped":0,"pct":100}}
,"C:/Users/amand/OneDrive/Escritorio/UniHousing-frontend/src/pages/Profile/Profile.tsx": {"lines":{"total":31,"covered":3,"skipped":0,"pct":9.67},"functions":{"total":10,"covered":0,"skipped":0,"pct":0},"statements":{"total":38,"covered":3,"skipped":0,"pct":7.89},"branches":{"total":29,"covered":0,"skipped":0,"pct":0}}
,"C:/Users/amand/OneDrive/Escritorio/UniHousing-frontend/src/pages/Signup/Signup.tsx": {"lines":{"total":3,"covered":3,"skipped":0,"pct":100},"functions":{"total":1,"covered":1,"skipped":0,"pct":100},"statements":{"total":3,"covered":3,"skipped":0,"pct":100},"branches":{"total":0,"covered":0,"skipped":0,"pct":100}}
,"C:/Users/amand/OneDrive/Escritorio/UniHousing-frontend/src/utils/Housing/deleteHousing.ts": {"lines":{"total":15,"covered":2,"skipped":0,"pct":13.33},"functions":{"total":1,"covered":0,"skipped":0,"pct":0},"statements":{"total":15,"covered":2,"skipped":0,"pct":13.33},"branches":{"total":9,"covered":0,"skipped":0,"pct":0}}
,"C:/Users/amand/OneDrive/Escritorio/UniHousing-frontend/src/utils/Housing/getAllHousings.ts": {"lines":{"total":13,"covered":1,"skipped":0,"pct":7.69},"functions":{"total":1,"covered":0,"skipped":0,"pct":0},"statements":{"total":13,"covered":1,"skipped":0,"pct":7.69},"branches":{"total":3,"covered":0,"skipped":0,"pct":0}}
,"C:/Users/amand/OneDrive/Escritorio/UniHousing-frontend/src/utils/Housing/getFilteredHousings.ts": {"lines":{"total":7,"covered":0,"skipped":0,"pct":0},"functions":{"total":2,"covered":0,"skipped":0,"pct":0},"statements":{"total":11,"covered":0,"skipped":0,"pct":0},"branches":{"total":13,"covered":0,"skipped":0,"pct":0}}
,"C:/Users/amand/OneDrive/Escritorio/UniHousing-frontend/src/utils/Housing/getHousingById.ts": {"lines":{"total":13,"covered":1,"skipped":0,"pct":7.69},"functions":{"total":1,"covered":0,"skipped":0,"pct":0},"statements":{"total":13,"covered":1,"skipped":0,"pct":7.69},"branches":{"total":2,"covered":0,"skipped":0,"pct":0}}
,"C:/Users/amand/OneDrive/Escritorio/UniHousing-frontend/src/utils/Housing/getIfRecentHousing.ts": {"lines":{"total":11,"covered":2,"skipped":0,"pct":18.18},"functions":{"total":1,"covered":0,"skipped":0,"pct":0},"statements":{"total":11,"covered":2,"skipped":0,"pct":18.18},"branches":{"total":1,"covered":0,"skipped":0,"pct":0}}
,"C:/Users/amand/OneDrive/Escritorio/UniHousing-frontend/src/utils/Housing/getReviews.ts": {"lines":{"total":6,"covered":1,"skipped":0,"pct":16.66},"functions":{"total":1,"covered":0,"skipped":0,"pct":0},"statements":{"total":7,"covered":1,"skipped":0,"pct":14.28},"branches":{"total":1,"covered":0,"skipped":0,"pct":0}}
,"C:/Users/amand/OneDrive/Escritorio/UniHousing-frontend/src/utils/Housing/updateAvailableHousing.ts": {"lines":{"total":18,"covered":1,"skipped":0,"pct":5.55},"functions":{"total":1,"covered":0,"skipped":0,"pct":0},"statements":{"total":18,"covered":1,"skipped":0,"pct":5.55},"branches":{"total":3,"covered":0,"skipped":0,"pct":0}}
,"C:/Users/amand/OneDrive/Escritorio/UniHousing-frontend/src/utils/Housing/updateHousing.ts": {"lines":{"total":46,"covered":8,"skipped":0,"pct":17.39},"functions":{"total":7,"covered":0,"skipped":0,"pct":0},"statements":{"total":51,"covered":8,"skipped":0,"pct":15.68},"branches":{"total":22,"covered":0,"skipped":0,"pct":0}}
,"C:/Users/amand/OneDrive/Escritorio/UniHousing-frontend/src/utils/Housing/uploadHousingData.ts": {"lines":{"total":38,"covered":7,"skipped":0,"pct":18.42},"functions":{"total":6,"covered":0,"skipped":0,"pct":0},"statements":{"total":42,"covered":7,"skipped":0,"pct":16.66},"branches":{"total":18,"covered":0,"skipped":0,"pct":0}}
,"C:/Users/amand/OneDrive/Escritorio/UniHousing-frontend/src/utils/auth/auth.ts": {"lines":{"total":7,"covered":4,"skipped":0,"pct":57.14},"functions":{"total":3,"covered":0,"skipped":0,"pct":0},"statements":{"total":7,"covered":4,"skipped":0,"pct":57.14},"branches":{"total":0,"covered":0,"skipped":0,"pct":100}}
,"C:/Users/amand/OneDrive/Escritorio/UniHousing-frontend/src/utils/auth/user.ts": {"lines":{"total":8,"covered":6,"skipped":0,"pct":75},"functions":{"total":3,"covered":1,"skipped":0,"pct":33.33},"statements":{"total":8,"covered":6,"skipped":0,"pct":75},"branches":{"total":2,"covered":1,"skipped":0,"pct":50}}
,"C:/Users/amand/OneDrive/Escritorio/UniHousing-frontend/src/utils/auth/userdata.ts": {"lines":{"total":15,"covered":2,"skipped":0,"pct":13.33},"functions":{"total":2,"covered":0,"skipped":0,"pct":0},"statements":{"total":16,"covered":2,"skipped":0,"pct":12.5},"branches":{"total":2,"covered":0,"skipped":0,"pct":0}}
}
